d:\documents\andere dingen\repos\pixel3dopengl\pixel3dopengl\x64\debug\vc142.pdb
d:\documents\andere dingen\repos\pixel3dopengl\pixel3dopengl\x64\debug\vc142.idb
d:\documents\andere dingen\repos\pixel3dopengl\pixel3dopengl\x64\debug\vbo.obj
d:\documents\andere dingen\repos\pixel3dopengl\pixel3dopengl\x64\debug\vao.obj
d:\documents\andere dingen\repos\pixel3dopengl\pixel3dopengl\x64\debug\texture.obj
d:\documents\andere dingen\repos\pixel3dopengl\pixel3dopengl\x64\debug\stb.obj
d:\documents\andere dingen\repos\pixel3dopengl\pixel3dopengl\x64\debug\shader.obj
d:\documents\andere dingen\repos\pixel3dopengl\pixel3dopengl\x64\debug\renderer.obj
d:\documents\andere dingen\repos\pixel3dopengl\pixel3dopengl\x64\debug\meshrenderer.obj
d:\documents\andere dingen\repos\pixel3dopengl\pixel3dopengl\x64\debug\main.obj
d:\documents\andere dingen\repos\pixel3dopengl\pixel3dopengl\x64\debug\fbo.obj
d:\documents\andere dingen\repos\pixel3dopengl\pixel3dopengl\x64\debug\ebo.obj
d:\documents\andere dingen\repos\pixel3dopengl\pixel3dopengl\x64\debug\camera.obj
d:\documents\andere dingen\repos\pixel3dopengl\pixel3dopengl\x64\debug\ecs.obj
d:\documents\andere dingen\repos\pixel3dopengl\pixel3dopengl\x64\debug\glad.obj
d:\documents\andere dingen\repos\pixel3dopengl\pixel3dopengl\x64\debug\object.obj
d:\documents\andere dingen\repos\pixel3dopengl\x64\debug\pixel3dopengl.pdb
d:\documents\andere dingen\repos\pixel3dopengl\pixel3dopengl\x64\debug\pixel3dopengl.tlog\cl.command.1.tlog
d:\documents\andere dingen\repos\pixel3dopengl\pixel3dopengl\x64\debug\pixel3dopengl.tlog\cl.read.1.tlog
d:\documents\andere dingen\repos\pixel3dopengl\pixel3dopengl\x64\debug\pixel3dopengl.tlog\cl.write.1.tlog
d:\documents\andere dingen\repos\pixel3dopengl\pixel3dopengl\x64\debug\pixel3dopengl.tlog\link.13356-cvtres.read.1.tlog
d:\documents\andere dingen\repos\pixel3dopengl\pixel3dopengl\x64\debug\pixel3dopengl.tlog\link.13356-cvtres.write.1.tlog
d:\documents\andere dingen\repos\pixel3dopengl\pixel3dopengl\x64\debug\pixel3dopengl.tlog\link.13356-rc.read.1.tlog
d:\documents\andere dingen\repos\pixel3dopengl\pixel3dopengl\x64\debug\pixel3dopengl.tlog\link.13356-rc.write.1.tlog
d:\documents\andere dingen\repos\pixel3dopengl\pixel3dopengl\x64\debug\pixel3dopengl.tlog\link.13356.read.1.tlog
d:\documents\andere dingen\repos\pixel3dopengl\pixel3dopengl\x64\debug\pixel3dopengl.tlog\link.13356.write.1.tlog
d:\documents\andere dingen\repos\pixel3dopengl\pixel3dopengl\x64\debug\pixel3dopengl.tlog\link.command.1.tlog
d:\documents\andere dingen\repos\pixel3dopengl\pixel3dopengl\x64\debug\pixel3dopengl.tlog\link.read.1.tlog
d:\documents\andere dingen\repos\pixel3dopengl\pixel3dopengl\x64\debug\pixel3dopengl.tlog\link.write.1.tlog
